 node_modules\expo-router\entry.js ▓▓▓▓▓▓▓▓▓▓▓▓▓▓▓░ 99.4% (678/680)
λ node_modules\expo-router\node\render.js ▓▓▓▓▓▓▓▓▓▓▓▓▓▓▓░ 99.7% (705/706)λ  WARN  props.pointerEvents is deprecated. Use style.pointerEvents 
  console.warn (C:\Users\Lysander\Desktop\win_dev\verita\anchor-focus-assistant\anchor-focus-assistant\node_modules\@expo\cli\src\start\server\serverLogLikeMetro.ts:91:21)
  warnOnce (C:\Users\Lysander\Desktop\win_dev\verita\anchor-focus-assistant\anchor-focus-assistant\node_modules\react-native-web\dist\modules\warnOnce\index.js:24:13)
  createDOMProps (C:\Users\Lysander\Desktop\win_dev\verita\anchor-focus-assistant\anchor-focus-assistant\node_modules\react-native-web\dist\modules\createDOMProps\index.js:805:13)
  createElement (C:\Users\Lysander\Desktop\win_dev\verita\anchor-focus-assistant\anchor-focus-assistant\node_modules\react-native-web\dist\exports\createElement\index.js:23:32)
  Component (C:\Users\Lysander\Desktop\win_dev\verita\anchor-focus-assistant\anchor-focus-assistant\node_modules\react-native-web\dist\exports\View\index.js:111:23)
  renderWithHooks (C:\Users\Lysander\Desktop\win_dev\verita\anchor-focus-assistant\anchor-focus-assistant\node_modules\react-dom\cjs\react-dom-server-legacy.node.development.js:5662:16)
  renderForwardRef (C:\Users\Lysander\Desktop\win_dev\verita\anchor-focus-assistant\anchor-focus-assistant\node_modules\react-dom\cjs\react-dom-server-legacy.node.development.js:5857:18)
  renderElement (C:\Users\Lysander\Desktop\win_dev\verita\anchor-focus-assistant\anchor-focus-assistant\node_modules\react-dom\cjs\react-dom-server-legacy.node.development.js:6020:11)
  renderNodeDestructiveImpl (C:\Users\Lysander\Desktop\win_dev\verita\anchor-focus-assistant\anchor-focus-assistant\node_modules\react-dom\cjs\react-dom-server-legacy.node.development.js:6119:11)
  renderNodeDestructive (C:\Users\Lysander\Desktop\win_dev\verita\anchor-focus-assistant\anchor-focus-assistant\node_modules\react-dom\cjs\react-dom-sλ Bundled 1004ms node_modules\expo-router\node\render.js (706 modules)                                                                                
Web Bundled 1707ms node_modules\expo-router\entry.js (681 modules)
Web Bundled 247ms node_modules\expo-router\entry.js (655 modules)
 LOG  [web] Logs will appear in the browser console
Web node_modules\expo-router\entry.js ░░░░░░░░░░░░░░░░  0.0% (0/1)λ  WARN  props.pointerEvents is deprecated. Use style.pointerEvents 
  console.warn (C:\Users\Lysander\Desktop\win_dev\verita\anchor-focus-assistant\anchor-focus-assistant\node_modules\@expo\cli\src\start\server\serverLogLikeMetro.ts:91:21)
  warnOnce (C:\Users\Lysander\Desktop\win_dev\verita\anchor-focus-assistant\anchor-focus-assistant\node_modules\react-native-web\dist\modules\warnOnce\index.js:24:13)
  createDOMProps (C:\Users\Lysander\Desktop\win_dev\verita\anchor-focus-assistant\anchor-focus-assistant\node_modules\react-native-web\dist\modules\createDOMProps\index.js:805:13)
  createElement (C:\Users\Lysander\Desktop\win_dev\verita\anchor-focus-assistant\anchor-focus-assistant\node_modules\react-native-web\dist\exports\createElement\index.js:23:32)
  Component (C:\Users\Lysander\Desktop\win_dev\verita\anchor-focus-assistant\anchor-focus-assistant\node_modules\react-native-web\dist\exports\View\index.js:111:23)
  renderWithHooks (C:\Users\Lysander\Desktop\win_dev\verita\anchor-focus-assistant\anchor-focus-assistant\node_modules\react-dom\cjs\react-dom-server-legacy.node.development.js:5662:16)
  renderForwardRef (C:\Users\Lysander\Desktop\win_dev\verita\anchor-focus-assistant\anchor-focus-assistant\node_modules\react-dom\cjs\react-dom-server-legacy.node.development.js:5857:18)
  renderElement (C:\Users\Lysander\Desktop\win_dev\verita\anchor-focus-assistant\anchor-focus-assistant\node_modules\react-dom\cjs\react-dom-server-legacy.node.development.js:6020:11)
  renderNodeDestructiveImpl (C:\Users\Lysander\Desktop\win_dev\verita\anchor-focus-assistant\anchor-focus-assistant\node_modules\react-dom\cjs\react-dom-server-legacy.node.development.js:6119:11)
  renderNodeDestructive (C:\Users\Lysander\Desktop\win_dev\verita\anchor-focus-assistant\anchor-focus-assistant\node_modules\react-dom\cjs\react-dom-server-legacy.node.development.js:6091:14)
λ Bundled 19ms node_modules\expo-router\node\render.js (1 module)
Web Bundled 140ms node_modules\expo-router\entry.js (1 module)
Web Bundled 23ms node_modules\expo-router\entry.js (1 module)
 LOG  [web] Logs will appear in the browser console